[Sat Jan 25 12.54.17 2020]:Server Connection Success!
[Sat Jan 25 12.54.17 2020]:Color: b, Token: VTeiT6BAOBPRA90TPTCb, Board: 000000000000000000000000000wb000000bw000000000000000000000000000
[Sat Jan 25 12.54.32 2020]:turn: 3D 4C 5F 6E
[Sat Jan 25 12.54.35 2020]:update: 0000000000000000000b0000000bb000000bw000000000000000000000000000
[Sat Jan 25 12.54.38 2020]:update: 000000000000000000wb0000000wb000000bw000000000000000000000000000
[Sat Jan 25 12.54.38 2020]:turn: 3B 4C 5F 6E
[Sat Jan 25 12.54.41 2020]:update: 00000000000000000bbb0000000wb000000bw000000000000000000000000000
[Sat Jan 25 12.54.43 2020]:update: 000000000w0000000bwb0000000wb000000bw000000000000000000000000000
[Sat Jan 25 12.54.43 2020]:turn: 1B 4C 5F 6E
[Sat Jan 25 12.54.46 2020]:update: 0b0000000b0000000bwb0000000wb000000bw000000000000000000000000000
[Sat Jan 25 12.54.48 2020]:update: wb0000000w0000000bwb0000000wb000000bw000000000000000000000000000
[Sat Jan 25 12.54.48 2020]:turn: 4C 5F 6E
[Sat Jan 25 12.54.51 2020]:update: wb0000000w0000000bwb000000bbb000000bw000000000000000000000000000
[Sat Jan 25 12.54.54 2020]:update: www000000w0000000bwb000000bbb000000bw000000000000000000000000000
[Sat Jan 25 12.54.54 2020]:turn: 2C 5F 6E 6F
[Sat Jan 25 12.54.57 2020]:update: www000000wb000000bbb000000bbb000000bw000000000000000000000000000
[Sat Jan 25 12.54.59 2020]:update: www000000www00000bbb000000bbb000000bw000000000000000000000000000
[Sat Jan 25 12.54.59 2020]:turn: 1D 1E 5F 6E 6F
[Sat Jan 25 12.55.01 2020]:update: wwwb00000wbb00000bbb000000bbb000000bw000000000000000000000000000
[Sat Jan 25 12.55.04 2020]:update: wwwww0000wbb00000bbb000000bbb000000bw000000000000000000000000000
[Sat Jan 25 12.55.04 2020]:turn: 2A 5F 6E 6F
[Sat Jan 25 12.55.06 2020]:update: wwwww000bbbb00000bbb000000bbb000000bw000000000000000000000000000
[Sat Jan 25 12.55.08 2020]:update: wwwww000wwbb0000wbbb000000bbb000000bw000000000000000000000000000
[Sat Jan 25 12.55.08 2020]:turn: 5F 6E 6F
[Sat Jan 25 12.55.11 2020]:update: wwwww000wwbb0000wbbb000000bbb000000bbb00000000000000000000000000
[Sat Jan 25 12.55.14 2020]:update: wwwww000wwwww000wbbb000000bbb000000bbb00000000000000000000000000
[Sat Jan 25 12.55.14 2020]:turn: 1F
[Sat Jan 25 12.55.15 2020]:update: wwwwwb00wwwwb000wbbb000000bbb000000bbb00000000000000000000000000
[Sat Jan 25 12.55.18 2020]:update: wwwwwww0wwwwb000wbbb000000bbb000000bbb00000000000000000000000000
[Sat Jan 25 12.55.22 2020]:update: wwwwwww0wwwwww00wbbb000000bbb000000bbb00000000000000000000000000
[Sat Jan 25 12.55.26 2020]:update: wwwwwww0wwwwww00wwwww00000bbb000000bbb00000000000000000000000000
[Sat Jan 25 12.55.28 2020]:update: wwwwwww0wwwwww00wwwww00000wbb0000w0bbb00000000000000000000000000
[Sat Jan 25 12.55.28 2020]:turn: 4B
[Sat Jan 25 12.55.31 2020]:update: wwwwwww0wwwwww00wwwww0000bbbb0000w0bbb00000000000000000000000000
[Sat Jan 25 12.55.33 2020]:update: wwwwwww0wwwwww00wwwww0000wbbb000ww0bbb00000000000000000000000000
[Sat Jan 25 12.55.33 2020]:turn: 4A 6A
[Sat Jan 25 12.55.36 2020]:update: wwwwwww0wwwwww00wwwww000bbbbb000ww0bbb00000000000000000000000000
[Sat Jan 25 12.55.39 2020]:update: wwwwwww0wwwwww00wwwww000bwwwb000wwwbbb00000000000000000000000000
[Sat Jan 25 12.55.39 2020]:turn: 6A 6C
[Sat Jan 25 12.55.41 2020]:update: wwwwwww0wwwwww00wwwww000bwwwb000bwwbbb00b00000000000000000000000
[Sat Jan 25 12.55.43 2020]:update: wwwwwww0wwwwww00wwwww000bwwwww00bwwbbb00b00000000000000000000000
[Sat Jan 25 12.55.43 2020]:turn: 3F 3G 4G 6C
[Sat Jan 25 12.55.45 2020]:update: wwwwwww0wwwwww00wwwwwb00bwwwbb00bwwbbb00b00000000000000000000000
[Sat Jan 25 12.55.48 2020]:update: wwwwwww0wwwwww00wwwwwww0bwwwbb00bwwbbb00b00000000000000000000000
[Sat Jan 25 12.55.48 2020]:turn: 2G 2H 6C
[Sat Jan 25 12.55.50 2020]:update: wwwwwww0wwwwwwb0wwwwwbw0bwwwbb00bwwbbb00b00000000000000000000000
[Sat Jan 25 12.55.52 2020]:update: wwwwwww0wwwwwwwwwwwwwbw0bwwwbb00bwwbbb00b00000000000000000000000
[Sat Jan 25 12.55.52 2020]:turn: 1H 3H 6C
[Sat Jan 25 12.55.55 2020]:update: wwwwwwwbwwwwwwbwwwwwwbw0bwwwbb00bwwbbb00b00000000000000000000000
[Sat Jan 25 12.55.57 2020]:update: wwwwwwwbwwwwwwwwwwwwwbwwbwwwbb00bwwbbb00b00000000000000000000000
[Sat Jan 25 12.55.57 2020]:turn: 4H 6C
[Sat Jan 25 12.55.59 2020]:update: wwwwwwwbwwwwwwwbwwwwwbwbbwwwbb0bbwwbbb00b00000000000000000000000
[Sat Jan 25 12.56.02 2020]:update: wwwwwwwbwwwwwwwbwwwwwwwbbwwwwwwbbwwbbb00b00000000000000000000000
[Sat Jan 25 12.56.02 2020]:turn: 6C
[Sat Jan 25 12.56.04 2020]:update: wwwwwwwbwwwwwwwbwwwwwwwbbwwwwwwbbbwbbb00b0b000000000000000000000
[Sat Jan 25 12.56.06 2020]:update: wwwwwwwbwwwwwwwbwwwwwwwbbwwwwwwbbbwwwww0b0b000000000000000000000
[Sat Jan 25 12.56.06 2020]:turn: 5H 6D 6E 6F
[Sat Jan 25 12.56.08 2020]:update: wwwwwwwbwwwwwwwbwwwwwwwbbwwwwwwbbbbbbbbbb0b000000000000000000000
[Sat Jan 25 12.56.10 2020]:update: wwwwwwwbwwwwwwwbwwwwwwwbbwwwwwwbbwwbbbbbbwb000000000000000000000
[Sat Jan 25 12.56.10 2020]:turn: 7C
[Sat Jan 25 12.56.13 2020]:update: wwwwwwwbwwwwwwwbwwwwwwwbbwwwwwwbbwwbbbbbbbb0000000b0000000000000
[Sat Jan 25 12.56.15 2020]:update: wwwwwwwbwwwwwwwbwwwwwwwbbwwwwwwbbwwwwbbbbbbw000000b0000000000000
[Sat Jan 25 12.56.15 2020]:turn: 6E
[Sat Jan 25 12.56.17 2020]:update: wwwwwwwbwwwwwwwbwwwwwwwbbwwwwwwbbwwwwbbbbbbbb00000b0000000000000
[Sat Jan 25 12.56.20 2020]:update: wwwwwwwbwwwwwwwbwwwwwwwbbwwwwwwbbwwwwwbbbbbbbw0000b0000000000000
[Sat Jan 25 12.56.20 2020]:turn: 6G 7E
[Sat Jan 25 12.56.22 2020]:update: wwwwwwwbwwwwwwwbwwwwwwwbbwwwwwwbbwwwwwbbbbbbbbb000b0000000000000
[Sat Jan 25 12.56.25 2020]:update: wwwwwwwbwwwwwwwbwwwwwwwbbwwwwwwbbwwwwwwbbbbbbbbw00b0000000000000
[Sat Jan 25 12.56.25 2020]:turn: 7H
[Sat Jan 25 12.56.28 2020]:update: wwwwwwwbwwwwwwwbwwwwwwwbbwwwwwwbbwwwwwwbbbbbbbbb00b0000b00000000
[Sat Jan 25 12.56.30 2020]:update: wwwwwwwbwwwwwwwbwwwwwwwbwwwwwwwbwwwwwwwbwwbbbbbbw0b0000b00000000
[Sat Jan 25 12.56.34 2020]:update: wwwwwwwbwwwwwwwbwwwwwwwbwwwwwwwbwwwwwwwbwwwbbbbbwwb0000b00000000
[Sat Jan 25 12.56.34 2020]:turn: 8A
[Sat Jan 25 12.56.37 2020]:update: wwwwwwwbwwwwwwbbwwwwwbwbwwwwbwwbwwwbwwwbwwbbbbbbwbb0000bb0000000
[Sat Jan 25 12.56.40 2020]:update: wwwwwwwbwwwwwwbbwwwwwbwbwwwwbwwbwwwwwwwbwwwwwbbbwwww000bb0000000
[Sat Jan 25 12.56.40 2020]:turn: 7E 8B 8C
[Sat Jan 25 12.56.43 2020]:update: wwwwwwwbwwwwwwbbwwwwwbwbwwwwbwwbwwwwbwwbwwwwbbbbwwwwb00bb0000000
[Sat Jan 25 12.56.46 2020]:update: wwwwwwwbwwwwwwbbwwwwwbwbwwwwbwwbwwwwbwwbwwwwwwbbwwwwww0bb0000000
[Sat Jan 25 12.56.46 2020]:turn: 7G 8B 8C 8D 8E 8F
[Sat Jan 25 12.56.48 2020]:update: wwwwwwwbwwwwwwbbwwwwwbwbwwwwbwwbwwwwbwwbwwwwwbbbwwwwwwbbb0000000
[Sat Jan 25 12.56.50 2020]:update: wwwwwwwbwwwwwwbbwwwwwbwbwwwwbwwbwwwwbwwbwwwwwbwbwwwwwwwbb00000w0
[Sat Jan 25 12.56.50 2020]:turn: 8B 8C 8D 8E 8F 8H
[Sat Jan 25 12.56.53 2020]:update: wwwwwwwbwwwwwwbbwwwwwbwbwwwwbwwbwwwwbwwbwwwbwbwbwwbwwwwbbb0000w0
[Sat Jan 25 12.56.55 2020]:update: wwwwwwwbwwwwwwbbwwwwwbwbwwwwbwwbwwwwbwwbwwwbwbwbwwwwwwwbbbw000w0
[Sat Jan 25 12.56.55 2020]:turn: 8D 8E 8F 8H
[Sat Jan 25 12.56.57 2020]:update: wwwwwwwbwwwwwwbbwwwwwbwbwwwwbwwbwwwwbwwbwwwbwbwbwwwbbwwbbbbb00w0
[Sat Jan 25 12.56.59 2020]:update: wwwwwwwbwwwwwwbbwwwwwbwbwwwwbwwbwwwwbwwbwwwbwbwbwwwwwwwbbbbbw0w0
[Sat Jan 25 12.56.59 2020]:turn: 8F 8H
[Sat Jan 25 12.57.03 2020]:update: wwwwwwwbwwwwwwbbwwwwwbwbwwwwbwwbwwwwbwwbwwwbwbwbwwwwbbbbbbbbbbw0
[Sat Jan 25 12.57.05 2020]:update: wwwwwwwbwwwwwwbbwwwwwbwbwwwwbwwbwwwwwwwbwwwbwwwbwwwwbbwbbbbbbbww
[Sat Jan 25 12.57.05 2020]:game end: win 19b 45w
[Sat Jan 25 12.57.05 2020]:final board: wwwwwwwbwwwwwwbbwwwwwbwbwwwwbwwbwwwwwwwbwwwbwwwbwwwwbbwbbbbbbbww
