[Sun Jan 26 12.35.28 2020] Server connection success!
[Sun Jan 26 12.35.28 2020] Color: b, Token: e0MAPeUpeYkmWJb4zIGv, Board: 000000000000000000000000000wb000000bw000000000000000000000000000
[Sun Jan 26 12.35.50 2020] turn: 3D 4C 5F 6E
[Sun Jan 26 12.35.53 2020] update: 0000000000000000000b0000000bb000000bw000000000000000000000000000
[Sun Jan 26 12.35.55 2020] update: 000000000000000000wb0000000wb000000bw000000000000000000000000000
[Sun Jan 26 12.35.55 2020] turn: 3B 4C 5F 6E
[Sun Jan 26 12.35.58 2020] update: 00000000000000000bbb0000000wb000000bw000000000000000000000000000
[Sun Jan 26 12.36.00 2020] update: 000000000w0000000bwb0000000wb000000bw000000000000000000000000000
[Sun Jan 26 12.36.00 2020] turn: 1B 4C 5F 6E
[Sun Jan 26 12.36.02 2020] update: 0b0000000b0000000bwb0000000wb000000bw000000000000000000000000000
[Sun Jan 26 12.36.06 2020] update: wb0000000w0000000bwb0000000wb000000bw000000000000000000000000000
[Sun Jan 26 12.36.06 2020] turn: 4C 5F 6E
[Sun Jan 26 12.36.09 2020] update: wb0000000w0000000bwb000000bbb000000bw000000000000000000000000000
[Sun Jan 26 12.36.11 2020] update: www000000w0000000bwb000000bbb000000bw000000000000000000000000000
[Sun Jan 26 12.36.11 2020] turn: 2C 5F 6E 6F
[Sun Jan 26 12.36.14 2020] update: www000000wb000000bbb000000bbb000000bw000000000000000000000000000
[Sun Jan 26 12.36.17 2020] update: www000000www00000bbb000000bbb000000bw000000000000000000000000000
[Sun Jan 26 12.36.17 2020] turn: 1D 1E 5F 6E 6F
[Sun Jan 26 12.36.20 2020] update: wwwb00000wbb00000bbb000000bbb000000bw000000000000000000000000000
[Sun Jan 26 12.36.22 2020] update: wwwww0000wbb00000bbb000000bbb000000bw000000000000000000000000000
[Sun Jan 26 12.36.22 2020] turn: 2A 5F 6E 6F
[Sun Jan 26 12.36.24 2020] update: wwwww000bbbb00000bbb000000bbb000000bw000000000000000000000000000
[Sun Jan 26 12.36.26 2020] update: wwwww000wwbb0000wbbb000000bbb000000bw000000000000000000000000000
[Sun Jan 26 12.36.26 2020] turn: 5F 6E 6F
[Sun Jan 26 12.36.29 2020] update: wwwww000wwbb0000wbbb000000bbb000000bbb00000000000000000000000000
[Sun Jan 26 12.36.32 2020] update: wwwww000wwwww000wbbb000000bbb000000bbb00000000000000000000000000
[Sun Jan 26 12.36.32 2020] turn: 1F
[Sun Jan 26 12.36.35 2020] update: wwwwwb00wwwwb000wbbb000000bbb000000bbb00000000000000000000000000
[Sun Jan 26 12.36.37 2020] update: wwwwwww0wwwwb000wbbb000000bbb000000bbb00000000000000000000000000
[Sun Jan 26 12.36.40 2020] update: wwwwwww0wwwwww00wbbb000000bbb000000bbb00000000000000000000000000
[Sun Jan 26 12.36.43 2020] update: wwwwwww0wwwwww00wwwww00000bbb000000bbb00000000000000000000000000
[Sun Jan 26 12.36.47 2020] update: wwwwwww0wwwwww00wwwww00000wbb0000w0bbb00000000000000000000000000
[Sun Jan 26 12.36.47 2020] turn: 4B
[Sun Jan 26 12.36.51 2020] update: wwwwwww0wwwwww00wwwww0000bbbb0000w0bbb00000000000000000000000000
[Sun Jan 26 12.36.53 2020] update: wwwwwww0wwwwww00wwwww0000wbbb000ww0bbb00000000000000000000000000
[Sun Jan 26 12.36.53 2020] turn: 4A 6A
[Sun Jan 26 12.36.56 2020] update: wwwwwww0wwwwww00wwwww000bbbbb000ww0bbb00000000000000000000000000
[Sun Jan 26 12.36.58 2020] update: wwwwwww0wwwwww00wwwww000bwwwb000wwwbbb00000000000000000000000000
[Sun Jan 26 12.36.58 2020] turn: 6A 6C
[Sun Jan 26 12.37.01 2020] update: wwwwwww0wwwwww00wwwww000bwwwb000bwwbbb00b00000000000000000000000
[Sun Jan 26 12.37.03 2020] update: wwwwwww0wwwwww00wwwww000bwwwww00bwwbbb00b00000000000000000000000
[Sun Jan 26 12.37.03 2020] turn: 3F 3G 4G 6C
[Sun Jan 26 12.37.05 2020] update: wwwwwww0wwwwww00wwwwwb00bwwwbb00bwwbbb00b00000000000000000000000
[Sun Jan 26 12.37.07 2020] update: wwwwwww0wwwwww00wwwwwww0bwwwbb00bwwbbb00b00000000000000000000000
[Sun Jan 26 12.37.07 2020] turn: 2G 2H 6C
[Sun Jan 26 12.37.10 2020] update: wwwwwww0wwwwwwb0wwwwwbw0bwwwbb00bwwbbb00b00000000000000000000000
[Sun Jan 26 12.37.12 2020] update: wwwwwww0wwwwwwwwwwwwwbw0bwwwbb00bwwbbb00b00000000000000000000000
[Sun Jan 26 12.37.12 2020] turn: 1H 3H 6C
[Sun Jan 26 12.37.16 2020] update: wwwwwwwbwwwwwwbwwwwwwbw0bwwwbb00bwwbbb00b00000000000000000000000
[Sun Jan 26 12.37.19 2020] update: wwwwwwwbwwwwwwwwwwwwwbwwbwwwbb00bwwbbb00b00000000000000000000000
[Sun Jan 26 12.37.19 2020] turn: 4H 6C
[Sun Jan 26 12.37.21 2020] update: wwwwwwwbwwwwwwwbwwwwwbwbbwwwbb0bbwwbbb00b00000000000000000000000
[Sun Jan 26 12.37.25 2020] update: wwwwwwwbwwwwwwwbwwwwwwwbbwwwwwwbbwwbbb00b00000000000000000000000
[Sun Jan 26 12.37.25 2020] turn: 6C
[Sun Jan 26 12.37.29 2020] update: wwwwwwwbwwwwwwwbwwwwwwwbbwwwwwwbbbwbbb00b0b000000000000000000000
[Sun Jan 26 12.37.32 2020] update: wwwwwwwbwwwwwwwbwwwwwwwbbwwwwwwbbbwwwww0b0b000000000000000000000
[Sun Jan 26 12.37.32 2020] turn: 5H 6D 6E 6F
[Sun Jan 26 12.37.34 2020] update: wwwwwwwbwwwwwwwbwwwwwwwbbwwwwwwbbbbbbbbbb0b000000000000000000000
[Sun Jan 26 12.37.37 2020] update: wwwwwwwbwwwwwwwbwwwwwwwbbwwwwwwbbwwbbbbbbwb000000000000000000000
[Sun Jan 26 12.37.37 2020] turn: 7C
[Sun Jan 26 12.37.39 2020] update: wwwwwwwbwwwwwwwbwwwwwwwbbwwwwwwbbwwbbbbbbbb0000000b0000000000000
[Sun Jan 26 12.37.41 2020] update: wwwwwwwbwwwwwwwbwwwwwwwbbwwwwwwbbwwwwbbbbbbw000000b0000000000000
[Sun Jan 26 12.37.41 2020] turn: 6E
[Sun Jan 26 12.37.44 2020] update: wwwwwwwbwwwwwwwbwwwwwwwbbwwwwwwbbwwwwbbbbbbbb00000b0000000000000
[Sun Jan 26 12.37.46 2020] update: wwwwwwwbwwwwwwwbwwwwwwwbbwwwwwwbbwwwwwbbbbbbbw0000b0000000000000
[Sun Jan 26 12.37.46 2020] turn: 6G 7E
[Sun Jan 26 12.37.49 2020] update: wwwwwwwbwwwwwwwbwwwwwwwbbwwwwwwbbwwwwwbbbbbbbbb000b0000000000000
[Sun Jan 26 12.37.52 2020] update: wwwwwwwbwwwwwwwbwwwwwwwbbwwwwwwbbwwwwwwbbbbbbbbw00b0000000000000
[Sun Jan 26 12.37.52 2020] turn: 7H
[Sun Jan 26 12.37.55 2020] game end: lose 15b 34w
[Sun Jan 26 12.37.55 2020] final board: wwwwwwwbwwwwwwwbwwwwwwwbbwwwwwwbbwwwwwwbbbbbbbbw00b0000000000000
